<?xml version="1.0" encoding="UTF-8"?>
<!-- Generated by org.testng.reporters.JUnitReportReporter -->
<testsuite hostname="DESKTOP-1EQ7H6N" failures="0" tests="3" name="com.crm.qa.testcases.HomePageTest" time="84.382" errors="0" timestamp="2021-03-01T23:44:21 IST" skipped="0">
  <testcase classname="com.crm.qa.testcases.HomePageTest" name="homePageTitleTest" time="22.630"/>
  <system-out/>
  <testcase classname="com.crm.qa.testcases.HomePageTest" name="clickOnCustomersMenuTest" time="22.244"/>
  <system-out/>
  <testcase classname="com.crm.qa.testcases.HomePageTest" name="clickOnCustomersMenuItem" time="39.508"/>
  <system-out/>
</testsuite> <!-- com.crm.qa.testcases.HomePageTest -->
