<?xml version="1.0" encoding="UTF-8"?>
<!-- Generated by org.testng.reporters.JUnitReportReporter -->
<testsuite hostname="DESKTOP-1EQ7H6N" failures="0" tests="1" name="com.crm.qa.testcases.AddCustomersPageTest" time="41.541" errors="0" timestamp="2021-02-28T20:13:05 IST" skipped="0">
  <testcase classname="com.crm.qa.testcases.AddCustomersPageTest" name="addCustomer" time="41.541"/>
  <system-out/>
</testsuite> <!-- com.crm.qa.testcases.AddCustomersPageTest -->
