<?xml version="1.0" encoding="UTF-8"?>
<!-- Generated by org.testng.reporters.JUnitReportReporter -->
<testsuite hostname="DESKTOP-1EQ7H6N" failures="0" tests="1" name="com.crm.qa.testcases.AddCustomersPageTest" time="33.204" errors="0" timestamp="2021-03-01T11:19:41 IST" skipped="0">
  <testcase classname="com.crm.qa.testcases.AddCustomersPageTest" name="addCustomer" time="33.204"/>
  <system-out/>
</testsuite> <!-- com.crm.qa.testcases.AddCustomersPageTest -->
