<?xml version="1.0" encoding="UTF-8"?>
<!-- Generated by org.testng.reporters.JUnitReportReporter -->
<testsuite hostname="DESKTOP-1EQ7H6N" failures="0" tests="3" name="com.crm.qa.testcases.HomePageTest" time="85.470" errors="0" timestamp="2021-03-01T11:19:41 IST" skipped="0">
  <testcase classname="com.crm.qa.testcases.HomePageTest" name="homePageTitleTest" time="22.050"/>
  <system-out/>
  <testcase classname="com.crm.qa.testcases.HomePageTest" name="clickOnCustomersMenuTest" time="23.182"/>
  <system-out/>
  <testcase classname="com.crm.qa.testcases.HomePageTest" name="clickOnCustomersMenuItem" time="40.238"/>
  <system-out/>
</testsuite> <!-- com.crm.qa.testcases.HomePageTest -->
