<?xml version="1.0" encoding="UTF-8"?>
<!-- Generated by org.testng.reporters.JUnitReportReporter -->
<testsuite hostname="DESKTOP-1EQ7H6N" failures="0" tests="3" name="com.crm.qa.testcases.LoginPageTest" time="22.789" errors="0" timestamp="2021-03-01T11:19:41 IST" skipped="0">
  <testcase classname="com.crm.qa.testcases.LoginPageTest" name="loginPageTitleTest" time="4.841"/>
  <system-out/>
  <testcase classname="com.crm.qa.testcases.LoginPageTest" name="AdminAreaLogoTest" time="5.469"/>
  <system-out/>
  <testcase classname="com.crm.qa.testcases.LoginPageTest" name="loginTest" time="12.479"/>
  <system-out/>
</testsuite> <!-- com.crm.qa.testcases.LoginPageTest -->
